0 info it worked if it ends with ok
1 verbose cli [ '/usr/local/Cellar/node/5.5.0/bin/node',
1 verbose cli   '/usr/local/bin/npm',
1 verbose cli   'start' ]
2 info using npm@3.5.3
3 info using node@v5.5.0
4 verbose run-script [ 'prestart', 'start', 'poststart' ]
5 info lifecycle batsignal@1.0.11~prestart: batsignal@1.0.11
6 silly lifecycle batsignal@1.0.11~prestart: no script for prestart, continuing
7 info lifecycle batsignal@1.0.11~start: batsignal@1.0.11
8 verbose lifecycle batsignal@1.0.11~start: unsafe-perm in lifecycle true
9 verbose lifecycle batsignal@1.0.11~start: PATH: /usr/local/lib/node_modules/npm/bin/node-gyp-bin:/Users/ReservoirDog/Prime/Project/Batsignal 1.1/node_modules/.bin:/usr/local/bin:/usr/bin:/bin:/usr/sbin:/sbin
10 verbose lifecycle batsignal@1.0.11~start: CWD: /Users/ReservoirDog/Prime/Project/Batsignal 1.1
11 silly lifecycle batsignal@1.0.11~start: Args: [ '-c', 'node server.js' ]
12 silly lifecycle batsignal@1.0.11~start: Returned: code: 1  signal: null
13 info lifecycle batsignal@1.0.11~start: Failed to exec start script
14 verbose stack Error: batsignal@1.0.11 start: `node server.js`
14 verbose stack Exit status 1
14 verbose stack     at EventEmitter.<anonymous> (/usr/local/lib/node_modules/npm/lib/utils/lifecycle.js:232:16)
14 verbose stack     at emitTwo (events.js:100:13)
14 verbose stack     at EventEmitter.emit (events.js:185:7)
14 verbose stack     at ChildProcess.<anonymous> (/usr/local/lib/node_modules/npm/lib/utils/spawn.js:24:14)
14 verbose stack     at emitTwo (events.js:100:13)
14 verbose stack     at ChildProcess.emit (events.js:185:7)
14 verbose stack     at maybeClose (internal/child_process.js:821:16)
14 verbose stack     at Process.ChildProcess._handle.onexit (internal/child_process.js:211:5)
15 verbose pkgid batsignal@1.0.11
16 verbose cwd /Users/ReservoirDog/Prime/Project/Batsignal 1.1
17 error Darwin 14.5.0
18 error argv "/usr/local/Cellar/node/5.5.0/bin/node" "/usr/local/bin/npm" "start"
19 error node v5.5.0
20 error npm  v3.5.3
21 error code ELIFECYCLE
22 error batsignal@1.0.11 start: `node server.js`
22 error Exit status 1
23 error Failed at the batsignal@1.0.11 start script 'node server.js'.
23 error Make sure you have the latest version of node.js and npm installed.
23 error If you do, this is most likely a problem with the batsignal package,
23 error not with npm itself.
23 error Tell the author that this fails on your system:
23 error     node server.js
23 error You can get information on how to open an issue for this project with:
23 error     npm bugs batsignal
23 error Or if that isn't available, you can get their info via:
23 error     npm owner ls batsignal
23 error There is likely additional logging output above.
24 verbose exit [ 1, true ]
